<?xml version="1.0" encoding="UTF-8"?>
<testng-results ignored="0" total="1" passed="1" failed="0" skipped="0">
  <reporter-output>
  </reporter-output>
  <suite started-at="2024-03-28T14:20:35 IST" name="Default suite" finished-at="2024-03-28T14:21:03 IST" duration-ms="27999">
    <groups>
    </groups>
    <test started-at="2024-03-28T14:20:35 IST" name="Default test" finished-at="2024-03-28T14:21:03 IST" duration-ms="27999">
      <class name="contactsTests.CreateNewContactTest">
        <test-method is-config="true" signature="bsconfig()[pri:0, instance:contactsTests.CreateNewContactTest@776aec5c]" started-at="2024-03-28T14:20:35 IST" name="bsconfig" finished-at="2024-03-28T14:20:35 IST" duration-ms="22" status="PASS">
          <reporter-output>
          </reporter-output>
        </test-method> <!-- bsconfig -->
        <test-method is-config="true" signature="browserLunch()[pri:0, instance:contactsTests.CreateNewContactTest@776aec5c]" started-at="2024-03-28T14:20:35 IST" name="browserLunch" finished-at="2024-03-28T14:20:43 IST" duration-ms="7624" status="PASS">
          <reporter-output>
          </reporter-output>
        </test-method> <!-- browserLunch -->
        <test-method is-config="true" signature="loginToApp()[pri:0, instance:contactsTests.CreateNewContactTest@776aec5c]" started-at="2024-03-28T14:20:43 IST" name="loginToApp" finished-at="2024-03-28T14:20:45 IST" duration-ms="2016" status="PASS">
          <reporter-output>
          </reporter-output>
        </test-method> <!-- loginToApp -->
        <test-method signature="CreateNewContactWithMandatoryFields()[pri:0, instance:contactsTests.CreateNewContactTest@776aec5c]" started-at="2024-03-28T14:20:45 IST" name="CreateNewContactWithMandatoryFields" finished-at="2024-03-28T14:21:02 IST" duration-ms="16918" status="PASS">
          <reporter-output>
          </reporter-output>
        </test-method> <!-- CreateNewContactWithMandatoryFields -->
        <test-method is-config="true" signature="logout()[pri:0, instance:contactsTests.CreateNewContactTest@776aec5c]" started-at="2024-03-28T14:21:02 IST" name="logout" finished-at="2024-03-28T14:21:03 IST" duration-ms="1394" status="PASS">
          <reporter-output>
          </reporter-output>
        </test-method> <!-- logout -->
        <test-method is-config="true" signature="dataBaseClosure()[pri:0, instance:contactsTests.CreateNewContactTest@776aec5c]" started-at="2024-03-28T14:21:03 IST" name="dataBaseClosure" finished-at="2024-03-28T14:21:03 IST" duration-ms="0" status="PASS">
          <reporter-output>
          </reporter-output>
        </test-method> <!-- dataBaseClosure -->
      </class> <!-- contactsTests.CreateNewContactTest -->
    </test> <!-- Default test -->
  </suite> <!-- Default suite -->
</testng-results>
